빌드 시작: 2017-10-12 오후 6:45:06
     1>2 노드의 "C:\Users\B409_6\Documents\GitHub\Cstudy\C학술회\171012\ConsoleApplication1\ConsoleApplication1\ConsoleApplication1.vcxproj" 프로젝트(Build 대상)입니다.
     1>ClCompile:
         C:\Program Files (x86)\Microsoft Visual Studio 11.0\VC\bin\CL.exe /c /ZI /nologo /W3 /WX- /Od /Oy- /D WIN32 /D _DEBUG /D _CONSOLE /D _UNICODE /D UNICODE /Gm /EHsc /RTC1 /MDd /GS /fp:precise /Zc:wchar_t /Zc:forScope /Fo"Debug\\" /Fd"Debug\vc110.pdb" /Gd /TC /analyze- /errorReport:prompt "배열1.c"
         배열1.c
     1>c:\users\b409_6\documents\github\cstudy\c학술회\171012\consoleapplication1\consoleapplication1\배열1.c(5): error C2143: 구문 오류 : ';'이(가) '형식' 앞에 없습니다.
     1>c:\users\b409_6\documents\github\cstudy\c학술회\171012\consoleapplication1\consoleapplication1\배열1.c(5): error C2143: 구문 오류 : ')'이(가) '형식' 앞에 없습니다.
     1>c:\users\b409_6\documents\github\cstudy\c학술회\171012\consoleapplication1\consoleapplication1\배열1.c(5): error C2065: 'i' : 선언되지 않은 식별자입니다.
     1>c:\users\b409_6\documents\github\cstudy\c학술회\171012\consoleapplication1\consoleapplication1\배열1.c(5): warning C4552: '<' : 의미 없는 연산자입니다. 파생 작업이 있는 연산자여야 합니다.
     1>c:\users\b409_6\documents\github\cstudy\c학술회\171012\consoleapplication1\consoleapplication1\배열1.c(5): error C2059: 구문 오류 : ')'
     1>c:\users\b409_6\documents\github\cstudy\c학술회\171012\consoleapplication1\consoleapplication1\배열1.c(6): error C2143: 구문 오류 : ';'이(가) '{' 앞에 없습니다.
     1>c:\users\b409_6\documents\github\cstudy\c학술회\171012\consoleapplication1\consoleapplication1\배열1.c(7): error C2065: 'i' : 선언되지 않은 식별자입니다.
     1>c:\users\b409_6\documents\github\cstudy\c학술회\171012\consoleapplication1\consoleapplication1\배열1.c(9): error C2065: 'i' : 선언되지 않은 식별자입니다.
     1>c:\users\b409_6\documents\github\cstudy\c학술회\171012\consoleapplication1\consoleapplication1\배열1.c(17): error C2143: 구문 오류 : ';'이(가) '형식' 앞에 없습니다.
     1>c:\users\b409_6\documents\github\cstudy\c학술회\171012\consoleapplication1\consoleapplication1\배열1.c(17): error C2143: 구문 오류 : ')'이(가) '형식' 앞에 없습니다.
     1>c:\users\b409_6\documents\github\cstudy\c학술회\171012\consoleapplication1\consoleapplication1\배열1.c(17): error C2065: 'i' : 선언되지 않은 식별자입니다.
     1>c:\users\b409_6\documents\github\cstudy\c학술회\171012\consoleapplication1\consoleapplication1\배열1.c(17): warning C4552: '<' : 의미 없는 연산자입니다. 파생 작업이 있는 연산자여야 합니다.
     1>c:\users\b409_6\documents\github\cstudy\c학술회\171012\consoleapplication1\consoleapplication1\배열1.c(17): error C2059: 구문 오류 : ')'
     1>c:\users\b409_6\documents\github\cstudy\c학술회\171012\consoleapplication1\consoleapplication1\배열1.c(18): error C2143: 구문 오류 : ';'이(가) '{' 앞에 없습니다.
     1>c:\users\b409_6\documents\github\cstudy\c학술회\171012\consoleapplication1\consoleapplication1\배열1.c(19): error C2065: 'i' : 선언되지 않은 식별자입니다.
     1>c:\users\b409_6\documents\github\cstudy\c학술회\171012\consoleapplication1\consoleapplication1\배열1.c(21): error C2065: 'i' : 선언되지 않은 식별자입니다.
     1>c:\users\b409_6\documents\github\cstudy\c학술회\171012\consoleapplication1\consoleapplication1\배열1.c(29): error C2143: 구문 오류 : ';'이(가) '형식' 앞에 없습니다.
     1>c:\users\b409_6\documents\github\cstudy\c학술회\171012\consoleapplication1\consoleapplication1\배열1.c(29): error C2143: 구문 오류 : ')'이(가) '형식' 앞에 없습니다.
     1>c:\users\b409_6\documents\github\cstudy\c학술회\171012\consoleapplication1\consoleapplication1\배열1.c(29): error C2065: 'i' : 선언되지 않은 식별자입니다.
     1>c:\users\b409_6\documents\github\cstudy\c학술회\171012\consoleapplication1\consoleapplication1\배열1.c(29): warning C4552: '<' : 의미 없는 연산자입니다. 파생 작업이 있는 연산자여야 합니다.
     1>c:\users\b409_6\documents\github\cstudy\c학술회\171012\consoleapplication1\consoleapplication1\배열1.c(29): error C2059: 구문 오류 : ')'
     1>c:\users\b409_6\documents\github\cstudy\c학술회\171012\consoleapplication1\consoleapplication1\배열1.c(30): error C2143: 구문 오류 : ';'이(가) '{' 앞에 없습니다.
     1>c:\users\b409_6\documents\github\cstudy\c학술회\171012\consoleapplication1\consoleapplication1\배열1.c(31): error C2065: 'i' : 선언되지 않은 식별자입니다.
     1>"C:\Users\B409_6\Documents\GitHub\Cstudy\C학술회\171012\ConsoleApplication1\ConsoleApplication1\ConsoleApplication1.vcxproj" 프로젝트를 빌드했습니다(Build 대상). - 실패

빌드하지 못했습니다.

경과 시간: 00:00:00.12
